<?xml version="1.0" encoding="UTF-8"?>
<!-- Generated by org.testng.reporters.JUnitXMLReporter -->
<testsuite hostname="C02Q4K0BG8WP.local" name="Flight Booking Portal" tests="3" failures="0" timestamp="19 Feb 2019 11:58:25 GMT" time="40.926" errors="0">
  <testcase name="login" time="12.256" classname="com.dazzler.booking.FlightBooking"/>
  <testcase name="travel" time="18.767" classname="com.dazzler.booking.FlightBooking"/>
  <testcase name="travelagain" time="9.892" classname="com.dazzler.booking.FlightBooking"/>
</testsuite> <!-- Flight Booking Portal -->
