<?xml version="1.0" encoding="UTF-8"?>
<!-- Generated by org.testng.reporters.JUnitXMLReporter -->
<testsuite hostname="C02Q4K0BG8WP.local" name="Default test" tests="3" failures="0" timestamp="19 Feb 2019 09:48:15 GMT" time="43.072" errors="0">
  <testcase name="login" time="4.461" classname="com.dazzler.booking.FlightBooking"/>
  <testcase name="travel" time="29.925" classname="com.dazzler.booking.FlightBooking"/>
  <testcase name="travelagain" time="8.676" classname="com.dazzler.booking.FlightBooking"/>
</testsuite> <!-- Default test -->
